<?xml version="1.0" encoding="UTF-8"?>
<testng-results ignored="0" total="1" passed="1" failed="0" skipped="0">
  <reporter-output>
  </reporter-output>
  <suite started-at="2025-03-24T17:28:57 EDT" name="Default suite" finished-at="2025-03-24T17:29:02 EDT" duration-ms="4813">
    <groups>
    </groups>
    <test started-at="2025-03-24T17:28:57 EDT" name="Default test" finished-at="2025-03-24T17:29:02 EDT" duration-ms="4813">
      <class name="mockDemo.WireMockTest">
        <test-method is-config="true" signature="setup()[pri:0, instance:mockDemo.WireMockTest@31190526]" started-at="2025-03-24T17:28:57 EDT" name="setup" finished-at="2025-03-24T17:28:58 EDT" duration-ms="1069" status="PASS">
          <reporter-output>
          </reporter-output>
        </test-method> <!-- setup -->
        <test-method signature="testMockGetRequest()[pri:0, instance:mockDemo.WireMockTest@31190526]" started-at="2025-03-24T17:28:58 EDT" name="testMockGetRequest" finished-at="2025-03-24T17:29:02 EDT" duration-ms="3652" status="PASS">
          <reporter-output>
          </reporter-output>
        </test-method> <!-- testMockGetRequest -->
        <test-method is-config="true" signature="teardown()[pri:0, instance:mockDemo.WireMockTest@31190526]" started-at="2025-03-24T17:29:02 EDT" name="teardown" finished-at="2025-03-24T17:29:02 EDT" duration-ms="22" status="PASS">
          <reporter-output>
          </reporter-output>
        </test-method> <!-- teardown -->
      </class> <!-- mockDemo.WireMockTest -->
    </test> <!-- Default test -->
  </suite> <!-- Default suite -->
</testng-results>
